<?xml version="1.0" encoding="UTF-8"?>
<testsuite xmlns:xsi="http://www.w3.org/2001/XMLSchema-instance" xsi:noNamespaceSchemaLocation="https://maven.apache.org/surefire/maven-surefire-plugin/xsd/surefire-test-report-3.0.xsd" version="3.0" name="org.kreyzon.italiandocsvalidation.test.CodiceFiscaleTest" time="0.398" tests="16" errors="0" skipped="0" failures="0">
  <properties>
    <property name="java.specification.version" value="17"/>
    <property name="sun.cpu.isalist" value="amd64"/>
    <property name="sun.jnu.encoding" value="Cp1252"/>
    <property name="java.class.path" value="C:\Users\loren\Desktop\newtecnoitaly-git\validazione-dati-anagrafici-italiani\target\test-classes;C:\Users\loren\Desktop\newtecnoitaly-git\validazione-dati-anagrafici-italiani\target\classes;C:\Users\loren\.m2\repository\org\projectlombok\lombok\1.18.28\lombok-1.18.28.jar;C:\Users\loren\.m2\repository\org\junit\jupiter\junit-jupiter-api\5.7.2\junit-jupiter-api-5.7.2.jar;C:\Users\loren\.m2\repository\org\apiguardian\apiguardian-api\1.1.0\apiguardian-api-1.1.0.jar;C:\Users\loren\.m2\repository\org\opentest4j\opentest4j\1.2.0\opentest4j-1.2.0.jar;C:\Users\loren\.m2\repository\org\junit\platform\junit-platform-commons\1.7.2\junit-platform-commons-1.7.2.jar;C:\Users\loren\.m2\repository\org\apache\commons\commons-lang3\3.13.0\commons-lang3-3.13.0.jar;C:\Users\loren\.m2\repository\com\fasterxml\jackson\core\jackson-databind\2.14.2\jackson-databind-2.14.2.jar;C:\Users\loren\.m2\repository\com\fasterxml\jackson\core\jackson-annotations\2.14.2\jackson-annotations-2.14.2.jar;C:\Users\loren\.m2\repository\com\fasterxml\jackson\core\jackson-core\2.14.2\jackson-core-2.14.2.jar;"/>
    <property name="java.vm.vendor" value="Amazon.com Inc."/>
    <property name="sun.arch.data.model" value="64"/>
    <property name="user.variant" value=""/>
    <property name="java.vendor.url" value="https://aws.amazon.com/corretto/"/>
    <property name="user.timezone" value="Europe/Bucharest"/>
    <property name="os.name" value="Windows 11"/>
    <property name="java.vm.specification.version" value="17"/>
    <property name="sun.java.launcher" value="SUN_STANDARD"/>
    <property name="user.country" value="GB"/>
    <property name="sun.boot.library.path" value="C:\Users\loren\.jdks\corretto-17.0.4.1\bin"/>
    <property name="sun.java.command" value="C:\Users\loren\AppData\Local\Temp\surefire1878401056223841390\surefirebooter-20230902194722626_3.jar C:\Users\loren\AppData\Local\Temp\surefire1878401056223841390 2023-09-02T19-47-22_463-jvmRun1 surefire-20230902194722626_1tmp surefire_0-20230902194722626_2tmp"/>
    <property name="jdk.debug" value="release"/>
    <property name="surefire.test.class.path" value="C:\Users\loren\Desktop\newtecnoitaly-git\validazione-dati-anagrafici-italiani\target\test-classes;C:\Users\loren\Desktop\newtecnoitaly-git\validazione-dati-anagrafici-italiani\target\classes;C:\Users\loren\.m2\repository\org\projectlombok\lombok\1.18.28\lombok-1.18.28.jar;C:\Users\loren\.m2\repository\org\junit\jupiter\junit-jupiter-api\5.7.2\junit-jupiter-api-5.7.2.jar;C:\Users\loren\.m2\repository\org\apiguardian\apiguardian-api\1.1.0\apiguardian-api-1.1.0.jar;C:\Users\loren\.m2\repository\org\opentest4j\opentest4j\1.2.0\opentest4j-1.2.0.jar;C:\Users\loren\.m2\repository\org\junit\platform\junit-platform-commons\1.7.2\junit-platform-commons-1.7.2.jar;C:\Users\loren\.m2\repository\org\apache\commons\commons-lang3\3.13.0\commons-lang3-3.13.0.jar;C:\Users\loren\.m2\repository\com\fasterxml\jackson\core\jackson-databind\2.14.2\jackson-databind-2.14.2.jar;C:\Users\loren\.m2\repository\com\fasterxml\jackson\core\jackson-annotations\2.14.2\jackson-annotations-2.14.2.jar;C:\Users\loren\.m2\repository\com\fasterxml\jackson\core\jackson-core\2.14.2\jackson-core-2.14.2.jar;"/>
    <property name="sun.cpu.endian" value="little"/>
    <property name="user.home" value="C:\Users\loren"/>
    <property name="user.language" value="en"/>
    <property name="java.specification.vendor" value="Oracle Corporation"/>
    <property name="java.version.date" value="2022-08-12"/>
    <property name="java.home" value="C:\Users\loren\.jdks\corretto-17.0.4.1"/>
    <property name="file.separator" value="\"/>
    <property name="basedir" value="C:\Users\loren\Desktop\newtecnoitaly-git\validazione-dati-anagrafici-italiani"/>
    <property name="java.vm.compressedOopsMode" value="Zero based"/>
    <property name="line.separator" value="&#10;"/>
    <property name="java.vm.specification.vendor" value="Oracle Corporation"/>
    <property name="java.specification.name" value="Java Platform API Specification"/>
    <property name="surefire.real.class.path" value="C:\Users\loren\AppData\Local\Temp\surefire1878401056223841390\surefirebooter-20230902194722626_3.jar"/>
    <property name="user.script" value=""/>
    <property name="sun.management.compiler" value="HotSpot 64-Bit Tiered Compilers"/>
    <property name="java.runtime.version" value="17.0.4.1+9-LTS"/>
    <property name="user.name" value="loren"/>
    <property name="path.separator" value=";"/>
    <property name="os.version" value="10.0"/>
    <property name="java.runtime.name" value="OpenJDK Runtime Environment"/>
    <property name="file.encoding" value="Cp1252"/>
    <property name="java.vm.name" value="OpenJDK 64-Bit Server VM"/>
    <property name="java.vendor.version" value="Corretto-17.0.4.9.1"/>
    <property name="localRepository" value="C:\Users\loren\.m2\repository"/>
    <property name="java.vendor.url.bug" value="https://github.com/corretto/corretto-17/issues/"/>
    <property name="java.io.tmpdir" value="C:\Users\loren\AppData\Local\Temp\"/>
    <property name="idea.version" value="2023.2"/>
    <property name="java.version" value="17.0.4.1"/>
    <property name="user.dir" value="C:\Users\loren\Desktop\newtecnoitaly-git\validazione-dati-anagrafici-italiani"/>
    <property name="os.arch" value="amd64"/>
    <property name="java.vm.specification.name" value="Java Virtual Machine Specification"/>
    <property name="sun.os.patch.level" value=""/>
    <property name="native.encoding" value="Cp1252"/>
    <property name="java.library.path" value="C:\Users\loren\.jdks\corretto-17.0.4.1\bin;C:\WINDOWS\Sun\Java\bin;C:\WINDOWS\system32;C:\WINDOWS;C:\Program Files (x86)\Common Files\Oracle\Java\javapath;C:\Windows\system32;C:\Windows;C:\Windows\System32\Wbem;C:\Windows\System32\WindowsPowerShell\v1.0\;C:\Windows\System32\OpenSSH\;C:\Program Files (x86)\NVIDIA Corporation\PhysX\Common;C:\Program Files\NVIDIA Corporation\NVIDIA NvDLISR;C:\Program Files (x86)\Java\openlogic-openjdk-8u342-b07-windows-64\bin;C:\Program Files (x86)\Java\jdk1.8.0_202\bin;C:\Program Files\apache-maven-3.8.6\bin;C:\Program Files\PuTTY\;C:\Program Files\Git\cmd;C:\Program Files\Amazon\AWSCLIV2\;C:\Program Files\Docker\Docker\resources\bin;C:\ProgramData\DockerDesktop\version-bin;C:\Program Files\Meld\;C:\Program Files\Git LFS;C:\Users\loren\AppData\Roaming\nvm;C:\Program Files\nodejs;C:\minikube;C:\WINDOWS\system32;C:\WINDOWS;C:\WINDOWS\System32\Wbem;C:\WINDOWS\System32\WindowsPowerShell\v1.0\;C:\WINDOWS\System32\OpenSSH\;C:\Program Files\dotnet\;C:\Program Files\WireGuard\;C:\Users\loren\AppData\Local\Programs\Python\Python310\Scripts\;C:\Users\loren\AppData\Local\Programs\Python\Python310\python.exe;C:\Users\loren\AppData\Local\Microsoft\WindowsApps;C:\Program Files\JetBrains\IntelliJ IDEA 2022.2.2\bin;;C:\Program Files\JetBrains\IntelliJ IDEA Community Edition 2022.2.2\bin;C:\Users\loren\AppData\Local\Programs\Microsoft VS Code\bin;C:\Program Files\JetBrains\PyCharm Community Edition 2022.2.3\bin;C:\Users\loren\AppData\Roaming\npm;C:\Users\loren\AppData\Roaming\nvm;C:\Program Files\nodejs;."/>
    <property name="java.vm.info" value="mixed mode, sharing"/>
    <property name="java.vendor" value="Amazon.com Inc."/>
    <property name="java.vm.version" value="17.0.4.1+9-LTS"/>
    <property name="sun.io.unicode.encoding" value="UnicodeLittle"/>
    <property name="java.class.version" value="61.0"/>
  </properties>
  <testcase name="testGenerateCodiceFiscaleForDavideMoretti" classname="org.kreyzon.italiandocsvalidation.test.CodiceFiscaleTest" time="0.241"/>
  <testcase name="testGenerateCodiceFiscaleForLauraBianchi" classname="org.kreyzon.italiandocsvalidation.test.CodiceFiscaleTest" time="0.021"/>
  <testcase name="testGenerateCodiceFiscaleForStrangeName" classname="org.kreyzon.italiandocsvalidation.test.CodiceFiscaleTest" time="0.021"/>
  <testcase name="testGenerateCodiceFiscale2" classname="org.kreyzon.italiandocsvalidation.test.CodiceFiscaleTest" time="0.008"/>
  <testcase name="testGenerateCodiceFiscale3" classname="org.kreyzon.italiandocsvalidation.test.CodiceFiscaleTest" time="0.008"/>
  <testcase name="testGenerateCodiceFiscale4" classname="org.kreyzon.italiandocsvalidation.test.CodiceFiscaleTest" time="0.008"/>
  <testcase name="testGenerateCodiceFiscale5" classname="org.kreyzon.italiandocsvalidation.test.CodiceFiscaleTest" time="0.008"/>
  <testcase name="testGenerateCodiceFiscale6" classname="org.kreyzon.italiandocsvalidation.test.CodiceFiscaleTest" time="0.011"/>
  <testcase name="testGenerateCodiceFiscaleForLucaVerdi" classname="org.kreyzon.italiandocsvalidation.test.CodiceFiscaleTest" time="0.007"/>
  <testcase name="testGenerateCodiceFiscaleForWrongGender" classname="org.kreyzon.italiandocsvalidation.test.CodiceFiscaleTest" time="0.002"/>
  <testcase name="testGenerateCodiceFiscaleWithNonExistentBirthplaceInitials" classname="org.kreyzon.italiandocsvalidation.test.CodiceFiscaleTest" time="0.007"/>
  <testcase name="testGenerateCodiceFiscaleForMarcoRossi" classname="org.kreyzon.italiandocsvalidation.test.CodiceFiscaleTest" time="0.007"/>
  <testcase name="testGenerateCodiceFiscaleForInvalidData" classname="org.kreyzon.italiandocsvalidation.test.CodiceFiscaleTest" time="0.001"/>
  <testcase name="testGenerateCodiceFiscale" classname="org.kreyzon.italiandocsvalidation.test.CodiceFiscaleTest" time="0.007"/>
  <testcase name="testGenerateCodiceFiscaleForWrongDOB" classname="org.kreyzon.italiandocsvalidation.test.CodiceFiscaleTest" time="0.001"/>
  <testcase name="testGenerateCodiceFiscaleForFrancescaLombardi" classname="org.kreyzon.italiandocsvalidation.test.CodiceFiscaleTest" time="0.01"/>
</testsuite>